<?xml version="1.0" encoding="UTF-8"?>
<!-- Generated by org.testng.reporters.JUnitReportReporter -->
<testsuite skipped="0" hostname="ranjanabangas-MacBook-Pro.local" name="com.Salesforce.qa.testcases.LoginPageTest" tests="2" failures="0" timestamp="2019-09-30T22:08:31 PDT" time="54.130" errors="0">
  <testcase name="login" time="27.055" classname="com.Salesforce.qa.testcases.LoginPageTest"/>
  <testcase name="rememberMe" time="27.075" classname="com.Salesforce.qa.testcases.LoginPageTest"/>
</testsuite> <!-- com.Salesforce.qa.testcases.LoginPageTest -->
