<?xml version="1.0" encoding="UTF-8"?>
<!-- Generated by org.testng.reporters.JUnitReportReporter -->
<testsuite skipped="0" hostname="ranjanabangas-MacBook-Pro.local" name="com.Salesforce.qa.testcases.HomePageTest" tests="2" failures="0" timestamp="2019-09-30T21:57:42 PDT" time="48.877" errors="0">
  <testcase name="logout" time="25.640" classname="com.Salesforce.qa.testcases.HomePageTest"/>
  <testcase name="validateUserNameLabe" time="23.237" classname="com.Salesforce.qa.testcases.HomePageTest"/>
</testsuite> <!-- com.Salesforce.qa.testcases.HomePageTest -->
